<?xml version="1.0" encoding="UTF-8"?>
<!-- Generated by org.testng.reporters.JUnitReportReporter -->
<testsuite hostname="LAPTOP-K099KSI4" failures="0" tests="6" name="Modules.HomePage" time="66.093" errors="0" timestamp="24 Mar 2022 12:15:29 GMT" skipped="0">
  <testcase classname="Modules.HomePage" name="goToURL" time="1.784"/>
  <testcase classname="Modules.HomePage" name="checkAndGetElements" time="56.533"/>
  <testcase classname="Modules.HomePage" name="verifyUserName" time="0.021"/>
  <testcase classname="Modules.HomePage" name="searchForTruTime" time="5.374"/>
  <testcase classname="Modules.HomePage" name="clickTruTime" time="0.318"/>
  <testcase classname="Modules.HomePage" name="switchToTruTimePage" time="2.063"/>
</testsuite> <!-- Modules.HomePage -->
